<?xml version="1.0" encoding="UTF-8"?>
<!-- Generated by org.testng.reporters.JUnitReportReporter -->
<testsuite hostname="LAPTOP-UNUD2JEP" failures="0" tests="3" name="com.Zigwheels.pages.BikeSearch" time="46.068" errors="0" timestamp="2022-03-03T23:26:55 IST" skipped="0">
  <testcase classname="com.Zigwheels.pages.BikeSearch" name="navigateUrl" time="22.319"/>
  <system-out/>
  <testcase classname="com.Zigwheels.pages.BikeSearch" name="EnrouteToHondaBikes" time="8.672"/>
  <system-out/>
  <testcase classname="com.Zigwheels.pages.BikeSearch" name="displayUpcomingBikes" time="15.077"/>
  <system-out/>
</testsuite> <!-- com.Zigwheels.pages.BikeSearch -->
