<?xml version="1.0" encoding="UTF-8"?>
<!-- Generated by org.testng.reporters.JUnitReportReporter -->
<testsuite hostname="LAPTOP-UNUD2JEP" failures="0" tests="3" name="com.zigwheels.testscenarios.UpcomingBikesUnderFourLakhs" time="40.956" errors="0" timestamp="2022-03-24T21:14:26 IST" skipped="0">
  <testcase classname="com.zigwheels.testscenarios.UpcomingBikesUnderFourLakhs" name="navigateToUpcomingBikes" time="13.213"/>
  <system-out/>
  <testcase classname="com.zigwheels.testscenarios.UpcomingBikesUnderFourLakhs" name="navigateToHondaBikes" time="3.727"/>
  <system-out/>
  <testcase classname="com.zigwheels.testscenarios.UpcomingBikesUnderFourLakhs" name="displayUpcomingBikes" time="24.016"/>
  <system-out/>
</testsuite> <!-- com.zigwheels.testscenarios.UpcomingBikesUnderFourLakhs -->
