<?xml version="1.0" encoding="UTF-8"?>
<!-- Generated by org.testng.reporters.JUnitReportReporter -->
<testsuite hostname="LAPTOP-UNUD2JEP" failures="0" tests="3" name="com.zigwheels.testscenarios.PopularUsedCarsInChennai" time="27.512" errors="0" timestamp="2022-03-24T21:14:26 IST" skipped="0">
  <testcase classname="com.zigwheels.testscenarios.PopularUsedCarsInChennai" name="navigateToUsedCarsInChennai" time="7.999"/>
  <system-out/>
  <testcase classname="com.zigwheels.testscenarios.PopularUsedCarsInChennai" name="getListOfUsedCarsInChennai" time="2.599"/>
  <system-out/>
  <testcase classname="com.zigwheels.testscenarios.PopularUsedCarsInChennai" name="navigateToUsedCars" time="16.914"/>
  <system-out/>
</testsuite> <!-- com.zigwheels.testscenarios.PopularUsedCarsInChennai -->
